{"/Users/puchnd01/Git/typescript-practice/src/index.ts": {"path":"/Users/puchnd01/Git/typescript-practice/src/index.ts","statementMap":{"0":{"start":{"line":24,"column":13},"end":{"line":33,"column":1}},"1":{"start":{"line":25,"column":19},"end":{"line":25,"column":78}},"2":{"start":{"line":25,"column":8},"end":{"line":25,"column":78}},"3":{"start":{"line":26,"column":6},"end":{"line":26,"column":17}},"4":{"start":{"line":27,"column":17},"end":{"line":27,"column":38}},"5":{"start":{"line":27,"column":10},"end":{"line":27,"column":38}},"6":{"start":{"line":28,"column":4},"end":{"line":28,"column":16}},"7":{"start":{"line":31,"column":4},"end":{"line":31,"column":38}},"8":{"start":{"line":37,"column":13},"end":{"line":46,"column":1}},"9":{"start":{"line":38,"column":19},"end":{"line":38,"column":66}},"10":{"start":{"line":38,"column":8},"end":{"line":38,"column":66}},"11":{"start":{"line":39,"column":6},"end":{"line":39,"column":17}},"12":{"start":{"line":40,"column":17},"end":{"line":40,"column":38}},"13":{"start":{"line":40,"column":10},"end":{"line":40,"column":38}},"14":{"start":{"line":41,"column":4},"end":{"line":41,"column":16}},"15":{"start":{"line":44,"column":4},"end":{"line":44,"column":38}},"16":{"start":{"line":48,"column":13},"end":{"line":57,"column":2}},"17":{"start":{"line":49,"column":19},"end":{"line":49,"column":63}},"18":{"start":{"line":49,"column":8},"end":{"line":49,"column":63}},"19":{"start":{"line":50,"column":6},"end":{"line":50,"column":17}},"20":{"start":{"line":51,"column":17},"end":{"line":51,"column":38}},"21":{"start":{"line":51,"column":10},"end":{"line":51,"column":38}},"22":{"start":{"line":52,"column":4},"end":{"line":52,"column":16}},"23":{"start":{"line":55,"column":4},"end":{"line":55,"column":38}},"24":{"start":{"line":59,"column":13},"end":{"line":75,"column":1}},"25":{"start":{"line":60,"column":19},"end":{"line":67,"column":4}},"26":{"start":{"line":60,"column":8},"end":{"line":67,"column":4}},"27":{"start":{"line":68,"column":6},"end":{"line":68,"column":17}},"28":{"start":{"line":69,"column":17},"end":{"line":69,"column":38}},"29":{"start":{"line":69,"column":10},"end":{"line":69,"column":38}},"30":{"start":{"line":70,"column":4},"end":{"line":70,"column":22}},"31":{"start":{"line":73,"column":4},"end":{"line":73,"column":38}},"32":{"start":{"line":77,"column":13},"end":{"line":92,"column":1}},"33":{"start":{"line":78,"column":19},"end":{"line":84,"column":4}},"34":{"start":{"line":78,"column":8},"end":{"line":84,"column":4}},"35":{"start":{"line":85,"column":6},"end":{"line":85,"column":17}},"36":{"start":{"line":86,"column":17},"end":{"line":86,"column":38}},"37":{"start":{"line":86,"column":10},"end":{"line":86,"column":38}},"38":{"start":{"line":87,"column":4},"end":{"line":87,"column":22}},"39":{"start":{"line":90,"column":4},"end":{"line":90,"column":38}}},"fnMap":{"0":{"name":"(anonymous_13)","decl":{"start":{"line":24,"column":22},"end":{"line":24,"column":28}},"loc":{"start":{"line":24,"column":54},"end":{"line":33,"column":1}}},"1":{"name":"(anonymous_16)","decl":{"start":{"line":37,"column":30},"end":{"line":37,"column":36}},"loc":{"start":{"line":37,"column":47},"end":{"line":46,"column":1}}},"2":{"name":"(anonymous_19)","decl":{"start":{"line":48,"column":26},"end":{"line":null,"column":-1}},"loc":{"start":{"line":48,"column":26},"end":{"line":57,"column":1}}},"3":{"name":"(anonymous_22)","decl":{"start":{"line":59,"column":28},"end":{"line":59,"column":34}},"loc":{"start":{"line":59,"column":52},"end":{"line":75,"column":1}}},"4":{"name":"(anonymous_25)","decl":{"start":{"line":77,"column":33},"end":{"line":77,"column":39}},"loc":{"start":{"line":77,"column":74},"end":{"line":92,"column":1}}}},"branchMap":{},"s":{"0":1,"1":3,"2":3,"3":1,"4":2,"5":2,"6":2,"7":1,"8":1,"9":3,"10":3,"11":1,"12":2,"13":2,"14":2,"15":1,"16":1,"17":2,"18":2,"19":0,"20":2,"21":2,"22":2,"23":0,"24":1,"25":0,"26":0,"27":0,"28":0,"29":0,"30":0,"31":0,"32":1,"33":0,"34":0,"35":0,"36":0,"37":0,"38":0,"39":0},"f":{"0":3,"1":3,"2":2,"3":0,"4":0},"b":{}}
}
