TN:
SF:/Users/puchnd01/Git/typescript-practice/src/index.ts
FN:24,(anonymous_13)
FN:37,(anonymous_16)
FN:48,(anonymous_19)
FN:59,(anonymous_22)
FN:77,(anonymous_25)
FNF:5
FNH:3
FNDA:3,(anonymous_13)
FNDA:3,(anonymous_16)
FNDA:2,(anonymous_19)
FNDA:0,(anonymous_22)
FNDA:0,(anonymous_25)
DA:24,1
DA:25,3
DA:26,1
DA:27,2
DA:28,2
DA:31,1
DA:37,1
DA:38,3
DA:39,1
DA:40,2
DA:41,2
DA:44,1
DA:48,1
DA:49,2
DA:50,0
DA:51,2
DA:52,2
DA:55,0
DA:59,1
DA:60,0
DA:68,0
DA:69,0
DA:70,0
DA:73,0
DA:77,1
DA:78,0
DA:85,0
DA:86,0
DA:87,0
DA:90,0
LF:30
LH:18
BRF:0
BRH:0
end_of_record
